00.00 loadreq-INFO: require: success in requiring [CoolisOS/bin/utils/serpent.lua]
00.00 loadreq-INFO: require: success in requiring [CoolisOS/bin/kernel/net.lua]
00.00 loadreq-INFO: require: success in requiring [CoolisOS/bin/kernel/util.lua]
00.00 loadreq-INFO: require: success in requiring [CoolisOS/bin/kernel/log/init.lua]
00.00 loadreq-INFO: require: success in requiring [CoolisOS/bin/kernel/checker/init.lua]
00.00 loadreq-INFO: require: success in requiring [CoolisOS/bin/utils/linked.lua]
00.00 loadreq-INFO: require: success in requiring [CoolisOS/bin/kernel/log/init.lua]
00.00 loadreq-INFO: require: success in requiring [CoolisOS/bin/kernel/sched/platform.lua]
00.00 loadreq-INFO: require: success in requiring [CoolisOS/bin/utils/linked.lua]
00.00 loadreq-INFO: require: success in requiring [CoolisOS/bin/kernel/checker/init.lua]
00.00 loadreq-INFO: require: success in requiring [CoolisOS/bin/kernel/util.lua]
00.00 loadreq-INFO: require: success in requiring [CoolisOS/bin/kernel/sched/timer.lua]
00.00 loadreq-INFO: require: success in requiring [CoolisOS/bin/kernel/checker/init.lua]
00.00 loadreq-INFO: require: success in requiring [CoolisOS/bin/kernel/sched/pipe.lua]
00.00 loadreq-INFO: require: success in requiring [CoolisOS/bin/kernel/sched/init.lua]
00.00 loadreq-INFO: require: success in requiring [CoolisOS/bin/kernel/debug.lua]
00.00 loadreq-INFO: require: success in requiring [CoolisOS/bin/kernel/log/init.lua]
00.00 loadreq-INFO: require: success in requiring [CoolisOS/bin/kernel/class/init.lua]
00.00 loadreq-INFO: require: success in requiring [string:CoolisOS/bin/kernel/sched/pipe.lua]
00.05 loadreq-INFO: require: success in requiring [string:CoolisOS/bin/kernel/checker/init.lua]
00.30 loadreq-INFO: require: success in requiring [string:CoolisOS/bin/utils/Vec3.lua]
00.30 loadreq-INFO: require: success in requiring [string:CoolisOS/bin/kernel/sched/init.lua]
00.35 loadreq-INFO: require: success in requiring [string:CoolisOS/bin/kernel/checker/init.lua]
00.45 loadreq-INFO: require: success in requiring [string:CoolisOS/bin/kernel/class/Opt.lua]
00.50 loadreq-INFO: require: success in requiring [string:CoolisOS/bin/kernel/checker/init.lua]
00.55 loadreq-INFO: require: success in requiring [string:CoolisOS/bin/kernel/checker/init.lua]
00.60 loadreq-INFO: require: success in requiring [string:CoolisOS/bin/kernel/gui/Point.lua]
00.65 loadreq-INFO: require: success in requiring [string:CoolisOS/bin/kernel/gui/Point.lua]
00.70 loadreq-INFO: require: success in requiring [string:CoolisOS/bin/kernel/gui/Rectangle.lua]
00.70 loadreq-INFO: require: success in requiring [string:CoolisOS/bin/kernel/gui/Term.lua]
00.75 loadreq-INFO: require: success in requiring [string:CoolisOS/bin/kernel/gui/init.lua]
01.15 loadreq-INFO: require: success in requiring [string:CoolisOS/bin/kernel/gui/shell.lua]
01.20 loadreq-INFO: require: success in requiring [string:CoolisOS/bin/kernel/class/Opt.lua]
01.20 loadreq-INFO: require: success in requiring [string:CoolisOS/bin/kernel/class/Box.lua]
