00.00 loadreq-INFO: require: success in requiring [CoolisOS/bin/utils/serpent.lua]
00.00 loadreq-INFO: require: success in requiring [CoolisOS/bin/kernel/net.lua]
00.00 loadreq-INFO: require: success in requiring [CoolisOS/bin/kernel/util.lua]
00.00 loadreq-INFO: require: success in requiring [CoolisOS/bin/kernel/log/init.lua]
00.00 loadreq-INFO: require: success in requiring [CoolisOS/bin/kernel/checker/init.lua]
00.00 loadreq-INFO: require: success in requiring [CoolisOS/bin/utils/linked.lua]
00.00 loadreq-INFO: require: success in requiring [CoolisOS/bin/kernel/log/init.lua]
00.00 loadreq-INFO: require: success in requiring [CoolisOS/bin/kernel/sched/platform.lua]
00.00 loadreq-INFO: require: success in requiring [CoolisOS/bin/utils/linked.lua]
00.00 loadreq-INFO: require: success in requiring [CoolisOS/bin/kernel/checker/init.lua]
00.00 loadreq-INFO: require: success in requiring [CoolisOS/bin/kernel/util.lua]
00.00 loadreq-INFO: require: success in requiring [CoolisOS/bin/kernel/sched/timer.lua]
00.00 loadreq-INFO: require: success in requiring [CoolisOS/bin/kernel/checker/init.lua]
00.00 loadreq-INFO: require: success in requiring [CoolisOS/bin/kernel/sched/pipe.lua]
00.00 sched-INFO: scheduler cleaned.
00.00 loadreq-INFO: require: success in requiring [CoolisOS/bin/kernel/sched/init.lua]
00.00 loadreq-INFO: require: success in requiring [CoolisOS/bin/kernel/debug.lua]
00.00 loadreq-INFO: require: success in requiring [CoolisOS/bin/kernel/log/init.lua]
00.00 loadreq-INFO: require: success in requiring [CoolisOS/bin/kernel/class/init.lua]
00.00 loadreq-INFO: require: success in requiring [string:CoolisOS/bin/kernel/sched/pipe.lua]
00.05 loadreq-INFO: require: success in requiring [string:CoolisOS/bin/kernel/checker/init.lua]
00.10 sched-INFO: created (Task instance at table: 30557713) from function (function:function: 3afc992f) by (string:nil)
00.15 sched-INFO: Task.run scheduling (Task instance at table: 30557713)
00.20 sched-INFO: Scheduler started
00.30 loadreq-INFO: require: success in requiring [string:CoolisOS/bin/utils/Vec3.lua]
00.30 loadreq-INFO: require: success in requiring [string:CoolisOS/bin/kernel/sched/init.lua]
00.35 loadreq-INFO: require: success in requiring [string:CoolisOS/bin/kernel/checker/init.lua]
00.45 loadreq-INFO: require: success in requiring [string:CoolisOS/bin/kernel/class/Opt.lua]
00.50 loadreq-INFO: require: success in requiring [string:CoolisOS/bin/kernel/checker/init.lua]
00.55 loadreq-INFO: require: success in requiring [string:CoolisOS/bin/kernel/checker/init.lua]
00.60 loadreq-INFO: require: success in requiring [string:CoolisOS/bin/kernel/gui/Point.lua]
00.65 loadreq-INFO: require: success in requiring [string:CoolisOS/bin/kernel/gui/Point.lua]
00.70 loadreq-INFO: require: success in requiring [string:CoolisOS/bin/kernel/gui/Rectangle.lua]
00.70 loadreq-INFO: require: success in requiring [string:CoolisOS/bin/kernel/gui/Term.lua]
00.75 loadreq-INFO: require: success in requiring [string:CoolisOS/bin/kernel/gui/init.lua]
00.80 Opt-INFO: string:
{
  "Term instance at table: 4ee2e35a",
  {
    blink = true,
    color = true,
    size = "Point instance at table: 62b6cfcc"
  } --[[table: 11bc522c]]
} --[[table: 40f9c8a1]]
00.85 Opt-INFO: string:
{
  nil,
  "Point instance at table: 62b6cfcc",
  "size"
} --[[table: 55fdf66f]]
00.90 Opt-INFO: string:
{
  [3] = "pos"
} --[[table: 102b5620]]
00.95 sched-INFO: created (Task instance at table: 6fb13582) from function (function:function: 5b302317) by (Task instance at table: 30557713)
01.00 sched-INFO: sigrun wrapper (function:function: 66a0a068) created from (function:function: 3b83407b)
01.05 sched-INFO: created (Task instance at table: 67922a3) from function (function:function: 66a0a068) by (Task instance at table: 30557713)
01.10 sched-INFO: Task.run scheduling (Task instance at table: 67922a3)
01.15 loadreq-INFO: require: success in requiring [string:CoolisOS/bin/kernel/gui/shell.lua]
01.20 loadreq-INFO: require: success in requiring [string:CoolisOS/bin/kernel/class/Opt.lua]
01.20 loadreq-INFO: require: success in requiring [string:CoolisOS/bin/kernel/class/Box.lua]
01.30 Opt-INFO: string:
{
  "Box instance at table: 409fcbd2",
  {
    terminal = "Terminal instance at table: 14a89717"
  } --[[table: 3afe6923]]
} --[[table: 8f4f4f]]
01.30 Opt-INFO: string:
{
  [3] = "pout"
} --[[table: 79789cbd]]
01.40 Opt-INFO: string:
{
  [3] = "env"
} --[[table: 707a0a20]]
01.40 Opt-INFO: string:
{
  nil,
  "Terminal instance at table: 14a89717",
  "terminal"
} --[[table: 681d0315]]
01.45 Opt-INFO: string:
{
  [3] = "perr"
} --[[table: 2157e12f]]
01.50 Opt-INFO: string:
{
  [3] = "pin"
} --[[table: 27f212f]]
01.55 sched-INFO: (Sync instance at table: 7c9af4bd) created with mode string:on by (Task instance at table: 30557713)
01.60 sched-ERROR: In (Task instance at table: 30557713):string:init.lua:209: [init.lua:99: [CoolisOS/bin/kernel/gui/shell.lua:318: attempt to index ? (a nil value)
shell.lua (CoolisOS/bin/kernel/gui)
 line 318, *1
  	while true do
->			local sEvent, param = unpack(char_in:receive())
  			if sEvent == "char" then
 line 493, *1
  repeat
->	local s=read( _sReplaceChar,input,shell.env,mode=='#' and true)
  	table.insert(input,s)
init.lua
 line 98, *1
xpcall
debug.lua (CoolisOS/bin/kernel)
 line 199, *1
          --wrapped level
->        local r={xpcall(f,debug.traceback)}
          local ok,er=r[1],r[2]
init.lua
 line 99, *1
xpcall
]
debug.lua (CoolisOS/bin/kernel)
 line 201, *1
          local ok,er=r[1],r[2]
->        if not ok then error(er,2) end
      end
init.lua
 line 99, *1
xpcall
debug.lua (CoolisOS/bin/kernel)
 line 199, *1
          --wrapped level
->        local r={xpcall(f,debug.traceback)}
          local ok,er=r[1],r[2]
init.lua
 line 209, *1
]
01.65 sched-INFO: Task.destroy destroying (Task instance at table: 30557713) from (string:nil)
