00.80 Opt-INFO: string:
{
  "Term instance at table: 4ee2e35a",
  {
    blink = true,
    color = true,
    size = "Point instance at table: 62b6cfcc"
  } --[[table: 11bc522c]]
} --[[table: 40f9c8a1]]
00.85 Opt-INFO: string:
{
  nil,
  "Point instance at table: 62b6cfcc",
  "size"
} --[[table: 55fdf66f]]
00.90 Opt-INFO: string:
{
  [3] = "pos"
} --[[table: 102b5620]]
01.30 Opt-INFO: string:
{
  "Box instance at table: 409fcbd2",
  {
    terminal = "Terminal instance at table: 14a89717"
  } --[[table: 3afe6923]]
} --[[table: 8f4f4f]]
01.30 Opt-INFO: string:
{
  [3] = "pout"
} --[[table: 79789cbd]]
01.40 Opt-INFO: string:
{
  [3] = "env"
} --[[table: 707a0a20]]
01.40 Opt-INFO: string:
{
  nil,
  "Terminal instance at table: 14a89717",
  "terminal"
} --[[table: 681d0315]]
01.45 Opt-INFO: string:
{
  [3] = "perr"
} --[[table: 2157e12f]]
01.50 Opt-INFO: string:
{
  [3] = "pin"
} --[[table: 27f212f]]
