00.00 sched-INFO: scheduler cleaned.
00.10 sched-INFO: created (Task instance at table: 30557713) from function (function:function: 3afc992f) by (string:nil)
00.15 sched-INFO: Task.run scheduling (Task instance at table: 30557713)
00.20 sched-INFO: Scheduler started
00.95 sched-INFO: created (Task instance at table: 6fb13582) from function (function:function: 5b302317) by (Task instance at table: 30557713)
01.00 sched-INFO: sigrun wrapper (function:function: 66a0a068) created from (function:function: 3b83407b)
01.05 sched-INFO: created (Task instance at table: 67922a3) from function (function:function: 66a0a068) by (Task instance at table: 30557713)
01.10 sched-INFO: Task.run scheduling (Task instance at table: 67922a3)
01.55 sched-INFO: (Sync instance at table: 7c9af4bd) created with mode string:on by (Task instance at table: 30557713)
01.60 sched-ERROR: In (Task instance at table: 30557713):string:init.lua:209: [init.lua:99: [CoolisOS/bin/kernel/gui/shell.lua:318: attempt to index ? (a nil value)
shell.lua (CoolisOS/bin/kernel/gui)
 line 318, *1
  	while true do
->			local sEvent, param = unpack(char_in:receive())
  			if sEvent == "char" then
 line 493, *1
  repeat
->	local s=read( _sReplaceChar,input,shell.env,mode=='#' and true)
  	table.insert(input,s)
init.lua
 line 98, *1
xpcall
debug.lua (CoolisOS/bin/kernel)
 line 199, *1
          --wrapped level
->        local r={xpcall(f,debug.traceback)}
          local ok,er=r[1],r[2]
init.lua
 line 99, *1
xpcall
]
debug.lua (CoolisOS/bin/kernel)
 line 201, *1
          local ok,er=r[1],r[2]
->        if not ok then error(er,2) end
      end
init.lua
 line 99, *1
xpcall
debug.lua (CoolisOS/bin/kernel)
 line 199, *1
          --wrapped level
->        local r={xpcall(f,debug.traceback)}
          local ok,er=r[1],r[2]
init.lua
 line 209, *1
]
01.65 sched-INFO: Task.destroy destroying (Task instance at table: 30557713) from (string:nil)
